[debug] [2022-09-27T13:42:28.593Z] ----------------------------------------------------------------------
[debug] [2022-09-27T13:42:28.597Z] Command:       C:\Program Files\nodejs\node.exe C:\Users\printer hub\AppData\Roaming\npm\node_modules\firebase-tools\lib\bin\firebase.js emulators:start
[debug] [2022-09-27T13:42:28.598Z] CLI Version:   11.10.0
[debug] [2022-09-27T13:42:28.598Z] Platform:      win32
[debug] [2022-09-27T13:42:28.599Z] Node Version:  v18.9.0
[debug] [2022-09-27T13:42:28.600Z] Time:          Tue Sep 27 2022 19:12:28 GMT+0530 (India Standard Time)
[debug] [2022-09-27T13:42:28.601Z] ----------------------------------------------------------------------
[debug] 
[debug] [2022-09-27T13:42:28.849Z] > command requires scopes: ["email","openid","https://www.googleapis.com/auth/cloudplatformprojects.readonly","https://www.googleapis.com/auth/firebase","https://www.googleapis.com/auth/cloud-platform"]
[debug] [2022-09-27T13:42:28.850Z] > authorizing via signed-in user (sumitsinghrajput786gwalior@gmail.com)
[info] i  emulators: Starting emulators: functions, hosting {"metadata":{"emulator":{"name":"hub"},"message":"Starting emulators: functions, hosting"}}
[debug] [2022-09-27T13:42:28.956Z] [hub] writing locator at C:\Users\PRINTE~1\AppData\Local\Temp\hub-clone-b81cb.json
[warn] !  functions: The following emulators are not running, calls to these services from the Functions emulator will affect production: auth, firestore, database, pubsub, storage, eventarc {"metadata":{"emulator":{"name":"functions"},"message":"The following emulators are not running, calls to these services from the Functions emulator will affect production: \u001b[1mauth, firestore, database, pubsub, storage, eventarc\u001b[22m"}}
[warn] !  Your requested "node" version "16" doesn't match your global version "18". Using node@18 from host. {"metadata":{"emulator":{"name":"functions"},"message":"Your requested \"node\" version \"16\" doesn't match your global version \"18\". Using node@18 from host."}}
[debug] [2022-09-27T13:42:29.057Z] defaultcredentials: writing to file C:\Users\printer hub\AppData\Roaming\firebase\sumitsinghrajput786gwalior_gmail_com_application_default_credentials.json
[debug] [2022-09-27T13:42:29.063Z] Setting GAC to C:\Users\printer hub\AppData\Roaming\firebase\sumitsinghrajput786gwalior_gmail_com_application_default_credentials.json {"metadata":{"emulator":{"name":"functions"},"message":"Setting GAC to C:\\Users\\printer hub\\AppData\\Roaming\\firebase\\sumitsinghrajput786gwalior_gmail_com_application_default_credentials.json"}}
[debug] [2022-09-27T13:42:29.071Z] >>> [apiv2][query] GET https://firebase.googleapis.com/v1beta1/projects/clone-b81cb/adminSdkConfig [none]
[debug] [2022-09-27T13:42:29.618Z] <<< [apiv2][status] GET https://firebase.googleapis.com/v1beta1/projects/clone-b81cb/adminSdkConfig 200
[debug] [2022-09-27T13:42:29.619Z] <<< [apiv2][body] GET https://firebase.googleapis.com/v1beta1/projects/clone-b81cb/adminSdkConfig {"projectId":"clone-b81cb","storageBucket":"clone-b81cb.appspot.com"}
[debug] [2022-09-27T13:42:29.692Z] >>> [apiv2][query] GET https://firebasehosting.googleapis.com/v1beta1/projects/clone-b81cb/sites 
[debug] [2022-09-27T13:42:31.054Z] <<< [apiv2][status] GET https://firebasehosting.googleapis.com/v1beta1/projects/clone-b81cb/sites 200
[debug] [2022-09-27T13:42:31.054Z] <<< [apiv2][body] GET https://firebasehosting.googleapis.com/v1beta1/projects/clone-b81cb/sites {"sites":[{"name":"projects/clone-b81cb/sites/clone-b81cb","defaultUrl":"https://clone-b81cb.web.app","appId":"1:1049338367728:web:e3a006d6e5f7ab3bc7bc35","type":"DEFAULT_SITE"}]}
[debug] [2022-09-27T13:42:31.055Z] >>> [apiv2][query] GET https://firebase.googleapis.com/v1beta1/projects/clone-b81cb/webApps/1:1049338367728:web:e3a006d6e5f7ab3bc7bc35/config [none]
[debug] [2022-09-27T13:42:32.465Z] <<< [apiv2][status] GET https://firebase.googleapis.com/v1beta1/projects/clone-b81cb/webApps/1:1049338367728:web:e3a006d6e5f7ab3bc7bc35/config 200
[debug] [2022-09-27T13:42:32.466Z] <<< [apiv2][body] GET https://firebase.googleapis.com/v1beta1/projects/clone-b81cb/webApps/1:1049338367728:web:e3a006d6e5f7ab3bc7bc35/config {"projectId":"clone-b81cb","appId":"1:1049338367728:web:e3a006d6e5f7ab3bc7bc35","storageBucket":"clone-b81cb.appspot.com","apiKey":"AIzaSyBbxWfLtUjBZaeAYssMwo5IFffbbJNxkbY","authDomain":"clone-b81cb.firebaseapp.com","messagingSenderId":"1049338367728","measurementId":"G-MLLY6EYJ3R"}
[info] i  hosting: Serving hosting files from: build {"metadata":{"emulator":{"name":"hosting"},"message":"Serving hosting files from: \u001b[1mbuild\u001b[22m"}}
[info] +  hosting: Local server: http://localhost:5000 {"metadata":{"emulator":{"name":"hosting"},"message":"Local server: \u001b[4m\u001b[1mhttp://localhost:5000\u001b[22m\u001b[24m"}}
[debug] [2022-09-27T13:42:32.574Z] Ignoring unsupported arg: auto_download {"metadata":{"emulator":{"name":"ui"},"message":"Ignoring unsupported arg: auto_download"}}
[debug] [2022-09-27T13:42:32.576Z] Ignoring unsupported arg: port {"metadata":{"emulator":{"name":"ui"},"message":"Ignoring unsupported arg: port"}}
[debug] [2022-09-27T13:42:32.576Z] Starting Emulator UI with command {"binary":"node","args":["C:\\Users\\printer hub\\.cache\\firebase\\emulators\\ui-v1.9.0\\server\\server.js"],"optionalArgs":[],"joinArgs":false} {"metadata":{"emulator":{"name":"ui"},"message":"Starting Emulator UI with command {\"binary\":\"node\",\"args\":[\"C:\\\\Users\\\\printer hub\\\\.cache\\\\firebase\\\\emulators\\\\ui-v1.9.0\\\\server\\\\server.js\"],\"optionalArgs\":[],\"joinArgs\":false}"}}
[info] i  ui: Emulator UI logging to ui-debug.log {"metadata":{"emulator":{"name":"ui"},"message":"Emulator UI logging to \u001b[1mui-debug.log\u001b[22m"}}
[debug] [2022-09-27T13:42:32.941Z] Web / API server started at localhost:4000
 {"metadata":{"emulator":{"name":"ui"},"message":"Web / API server started at localhost:4000\n"}}
[info] i  functions: Watching "C:\Users\printer hub\OneDrive\Desktop\React Projects\amazon-clone\functions" for Cloud Functions... {"metadata":{"emulator":{"name":"functions"},"message":"Watching \"C:\\Users\\printer hub\\OneDrive\\Desktop\\React Projects\\amazon-clone\\functions\" for Cloud Functions..."}}
[debug] [2022-09-27T13:42:33.154Z] Validating nodejs source
[debug] [2022-09-27T13:42:40.247Z] > [functions] package.json contents: {
  "name": "functions",
  "description": "Cloud Functions for Firebase",
  "scripts": {
    "lint": "eslint .",
    "serve": "firebase emulators:start --only functions",
    "shell": "firebase functions:shell",
    "start": "npm run shell",
    "deploy": "firebase deploy --only functions",
    "logs": "firebase functions:log"
  },
  "engines": {
    "node": "16"
  },
  "main": "index.js",
  "dependencies": {
    "cors": "^2.8.5",
    "express": "^4.18.1",
    "firebase-admin": "^10.0.2",
    "firebase-functions": "^3.18.0",
    "stripe": "^10.12.0-beta.1"
  },
  "devDependencies": {
    "eslint": "^8.9.0",
    "eslint-config-google": "^0.14.0",
    "firebase-functions-test": "^0.2.0"
  },
  "private": true
}
[debug] [2022-09-27T13:42:40.247Z] Building nodejs source
[debug] [2022-09-27T13:42:40.248Z] Analyzing nodejs backend spec
[debug] [2022-09-27T13:42:40.250Z] Could not find functions.yaml. Must use http discovery
[debug] [2022-09-27T13:42:40.920Z] Serving at port 9006

[debug] [2022-09-27T13:42:41.485Z] Got response from /__/functions.yaml {"endpoints":{"api":{"platform":"gcfv1","httpsTrigger":{},"entryPoint":"api"}},"specVersion":"v1alpha1","requiredAPIs":[]}
[debug] [2022-09-27T13:42:41.505Z] shutdown requested via /__/quitquitquit

[info] +  functions: Loaded functions definitions from source: api. {"metadata":{"emulator":{"name":"functions"},"message":"Loaded functions definitions from source: api."}}
[info] +  functions[us-central1-api]: http function initialized (http://localhost:5001/clone-b81cb/us-central1/api). {"metadata":{"emulator":{"name":"functions"},"message":"\u001b[1mhttp\u001b[22m function initialized (http://localhost:5001/clone-b81cb/us-central1/api)."}}
[info] 
┌─────────────────────────────────────────────────────────────┐
│ ✔  All emulators ready! It is now safe to connect your app. │
│ i  View Emulator UI at http://localhost:4000                │
└─────────────────────────────────────────────────────────────┘

┌───────────┬────────────────┬─────────────────────────────────┐
│ Emulator  │ Host:Port      │ View in Emulator UI             │
├───────────┼────────────────┼─────────────────────────────────┤
│ Functions │ localhost:5001 │ http://localhost:4000/functions │
├───────────┼────────────────┼─────────────────────────────────┤
│ Hosting   │ localhost:5000 │ n/a                             │
└───────────┴────────────────┴─────────────────────────────────┘
  Emulator Hub running at localhost:4400
  Other reserved ports: 4500

Issues? Report them at https://github.com/firebase/firebase-tools/issues and attach the *-debug.log files.
 
[debug] [2022-09-27T13:42:52.869Z] [work-queue] {"queueLength":1,"workRunningCount":0}
[debug] [2022-09-27T13:42:52.869Z] [work-queue] {"queueLength":0,"workRunningCount":1}
[debug] [2022-09-27T13:42:52.870Z] Accepted request GET /clone-b81cb/us-central1/api --> us-central1-api
[debug] [2022-09-27T13:42:52.883Z] [functions] Runtime ready! Sending request! {"metadata":{"emulator":{"name":"functions"},"message":"[functions] Runtime ready! Sending request!"}}
[debug] [2022-09-27T13:42:52.885Z] [functions] Got req.url=/clone-b81cb/us-central1/api, mapping to path=/ {"metadata":{"emulator":{"name":"functions"},"message":"[functions] Got req.url=/clone-b81cb/us-central1/api, mapping to path=/"}}
[debug] [2022-09-27T13:42:52.918Z] [worker-pool] addWorker(us-central1-api) {"metadata":{"emulator":{"name":"functions"},"message":"[worker-pool] addWorker(us-central1-api)"}}
[debug] [2022-09-27T13:42:52.919Z] [worker-pool] Adding worker with key us-central1-api, total=1 {"metadata":{"emulator":{"name":"functions"},"message":"[worker-pool] Adding worker with key us-central1-api, total=1"}}
[debug] [2022-09-27T13:42:56.368Z] [runtime-status] [7752] Resolved module firebase-admin {"declared":true,"installed":true,"version":"10.3.0","resolution":"C:\\Users\\printer hub\\OneDrive\\Desktop\\React Projects\\amazon-clone\\functions\\node_modules\\firebase-admin\\lib\\index.js"} {"metadata":{"emulator":{"name":"functions"},"function":{"name":"us-central1-api"},"extension":{},"message":"[runtime-status] [7752] Resolved module firebase-admin {\"declared\":true,\"installed\":true,\"version\":\"10.3.0\",\"resolution\":\"C:\\\\Users\\\\printer hub\\\\OneDrive\\\\Desktop\\\\React Projects\\\\amazon-clone\\\\functions\\\\node_modules\\\\firebase-admin\\\\lib\\\\index.js\"}"}}
[debug] [2022-09-27T13:42:56.370Z] [runtime-status] [7752] Resolved module firebase-functions {"declared":true,"installed":true,"version":"3.24.0","resolution":"C:\\Users\\printer hub\\OneDrive\\Desktop\\React Projects\\amazon-clone\\functions\\node_modules\\firebase-functions\\lib\\index.js"} {"metadata":{"emulator":{"name":"functions"},"function":{"name":"us-central1-api"},"extension":{},"message":"[runtime-status] [7752] Resolved module firebase-functions {\"declared\":true,\"installed\":true,\"version\":\"3.24.0\",\"resolution\":\"C:\\\\Users\\\\printer hub\\\\OneDrive\\\\Desktop\\\\React Projects\\\\amazon-clone\\\\functions\\\\node_modules\\\\firebase-functions\\\\lib\\\\index.js\"}"}}
[debug] [2022-09-27T13:42:56.372Z] [runtime-status] [7752] Outgoing network have been stubbed. [{"name":"http","status":"mocked"},{"name":"http","status":"mocked"},{"name":"https","status":"mocked"},{"name":"https","status":"mocked"},{"name":"net","status":"mocked"}] {"metadata":{"emulator":{"name":"functions"},"function":{"name":"us-central1-api"},"extension":{},"message":"[runtime-status] [7752] Outgoing network have been stubbed. [{\"name\":\"http\",\"status\":\"mocked\"},{\"name\":\"http\",\"status\":\"mocked\"},{\"name\":\"https\",\"status\":\"mocked\"},{\"name\":\"https\",\"status\":\"mocked\"},{\"name\":\"net\",\"status\":\"mocked\"}]"}}
[debug] [2022-09-27T13:42:56.375Z] [runtime-status] [7752] Resolved module firebase-functions {"declared":true,"installed":true,"version":"3.24.0","resolution":"C:\\Users\\printer hub\\OneDrive\\Desktop\\React Projects\\amazon-clone\\functions\\node_modules\\firebase-functions\\lib\\index.js"} {"metadata":{"emulator":{"name":"functions"},"function":{"name":"us-central1-api"},"extension":{},"message":"[runtime-status] [7752] Resolved module firebase-functions {\"declared\":true,\"installed\":true,\"version\":\"3.24.0\",\"resolution\":\"C:\\\\Users\\\\printer hub\\\\OneDrive\\\\Desktop\\\\React Projects\\\\amazon-clone\\\\functions\\\\node_modules\\\\firebase-functions\\\\lib\\\\index.js\"}"}}
[debug] [2022-09-27T13:42:56.542Z] [runtime-status] [7752] Checked functions.config() {"config":{}} {"metadata":{"emulator":{"name":"functions"},"function":{"name":"us-central1-api"},"extension":{},"message":"[runtime-status] [7752] Checked functions.config() {\"config\":{}}"}}
[debug] [2022-09-27T13:42:56.543Z] [runtime-status] [7752] firebase-functions has been stubbed. {"functionsResolution":{"declared":true,"installed":true,"version":"3.24.0","resolution":"C:\\Users\\printer hub\\OneDrive\\Desktop\\React Projects\\amazon-clone\\functions\\node_modules\\firebase-functions\\lib\\index.js"}} {"metadata":{"emulator":{"name":"functions"},"function":{"name":"us-central1-api"},"extension":{},"message":"[runtime-status] [7752] firebase-functions has been stubbed. {\"functionsResolution\":{\"declared\":true,\"installed\":true,\"version\":\"3.24.0\",\"resolution\":\"C:\\\\Users\\\\printer hub\\\\OneDrive\\\\Desktop\\\\React Projects\\\\amazon-clone\\\\functions\\\\node_modules\\\\firebase-functions\\\\lib\\\\index.js\"}}"}}
[debug] [2022-09-27T13:42:56.543Z] [runtime-status] [7752] Resolved module firebase-functions {"declared":true,"installed":true,"version":"3.24.0","resolution":"C:\\Users\\printer hub\\OneDrive\\Desktop\\React Projects\\amazon-clone\\functions\\node_modules\\firebase-functions\\lib\\index.js"} {"metadata":{"emulator":{"name":"functions"},"function":{"name":"us-central1-api"},"extension":{},"message":"[runtime-status] [7752] Resolved module firebase-functions {\"declared\":true,\"installed\":true,\"version\":\"3.24.0\",\"resolution\":\"C:\\\\Users\\\\printer hub\\\\OneDrive\\\\Desktop\\\\React Projects\\\\amazon-clone\\\\functions\\\\node_modules\\\\firebase-functions\\\\lib\\\\index.js\"}"}}
[debug] [2022-09-27T13:42:56.544Z] [runtime-status] [7752] Resolved module firebase-admin {"declared":true,"installed":true,"version":"10.3.0","resolution":"C:\\Users\\printer hub\\OneDrive\\Desktop\\React Projects\\amazon-clone\\functions\\node_modules\\firebase-admin\\lib\\index.js"} {"metadata":{"emulator":{"name":"functions"},"function":{"name":"us-central1-api"},"extension":{},"message":"[runtime-status] [7752] Resolved module firebase-admin {\"declared\":true,\"installed\":true,\"version\":\"10.3.0\",\"resolution\":\"C:\\\\Users\\\\printer hub\\\\OneDrive\\\\Desktop\\\\React Projects\\\\amazon-clone\\\\functions\\\\node_modules\\\\firebase-admin\\\\lib\\\\index.js\"}"}}
[debug] [2022-09-27T13:42:56.548Z] [runtime-status] [7752] Resolved module firebase-functions {"declared":true,"installed":true,"version":"3.24.0","resolution":"C:\\Users\\printer hub\\OneDrive\\Desktop\\React Projects\\amazon-clone\\functions\\node_modules\\firebase-functions\\lib\\index.js"} {"metadata":{"emulator":{"name":"functions"},"function":{"name":"us-central1-api"},"extension":{},"message":"[runtime-status] [7752] Resolved module firebase-functions {\"declared\":true,\"installed\":true,\"version\":\"3.24.0\",\"resolution\":\"C:\\\\Users\\\\printer hub\\\\OneDrive\\\\Desktop\\\\React Projects\\\\amazon-clone\\\\functions\\\\node_modules\\\\firebase-functions\\\\lib\\\\index.js\"}"}}
[debug] [2022-09-27T13:42:56.549Z] [runtime-status] [7752] firebase-admin has been stubbed. {"adminResolution":{"declared":true,"installed":true,"version":"10.3.0","resolution":"C:\\Users\\printer hub\\OneDrive\\Desktop\\React Projects\\amazon-clone\\functions\\node_modules\\firebase-admin\\lib\\index.js"}} {"metadata":{"emulator":{"name":"functions"},"function":{"name":"us-central1-api"},"extension":{},"message":"[runtime-status] [7752] firebase-admin has been stubbed. {\"adminResolution\":{\"declared\":true,\"installed\":true,\"version\":\"10.3.0\",\"resolution\":\"C:\\\\Users\\\\printer hub\\\\OneDrive\\\\Desktop\\\\React Projects\\\\amazon-clone\\\\functions\\\\node_modules\\\\firebase-admin\\\\lib\\\\index.js\"}}"}}
[debug] [2022-09-27T13:42:57.177Z] [runtime-status] [7752] Functions runtime initialized. {"cwd":"C:\\Users\\printer hub\\OneDrive\\Desktop\\React Projects\\amazon-clone\\functions","node_version":"18.9.0"} {"metadata":{"emulator":{"name":"functions"},"function":{"name":"us-central1-api"},"extension":{},"message":"[runtime-status] [7752] Functions runtime initialized. {\"cwd\":\"C:\\\\Users\\\\printer hub\\\\OneDrive\\\\Desktop\\\\React Projects\\\\amazon-clone\\\\functions\",\"node_version\":\"18.9.0\"}"}}
[debug] [2022-09-27T13:42:57.178Z] [runtime-status] [7752] Listening to port: \\?\pipe\fire_emu_419e49f30f5dcb03 {"metadata":{"emulator":{"name":"functions"},"function":{"name":"us-central1-api"},"extension":{},"message":"[runtime-status] [7752] Listening to port: \\\\?\\pipe\\fire_emu_419e49f30f5dcb03"}}
[debug] [2022-09-27T13:42:57.216Z] [worker-pool] submitRequest(triggerId=us-central1-api) {"metadata":{"emulator":{"name":"functions"},"message":"[worker-pool] submitRequest(triggerId=us-central1-api)"}}
[debug] [2022-09-27T13:42:57.217Z] [worker-us-central1-api-2be35348-17ab-48bc-800f-d34ca6426401]: BUSY {"metadata":{"emulator":{"name":"functions"},"message":"[worker-us-central1-api-2be35348-17ab-48bc-800f-d34ca6426401]: BUSY"}}
[info] i  functions: Beginning execution of "api" {"metadata":{"emulator":{"name":"functions"},"function":{"name":"us-central1-api"},"extension":{},"message":"Beginning execution of \"api\""}}
[debug] [2022-09-27T13:42:57.243Z] [worker-us-central1-api-2be35348-17ab-48bc-800f-d34ca6426401]: IDLE {"metadata":{"emulator":{"name":"functions"},"message":"[worker-us-central1-api-2be35348-17ab-48bc-800f-d34ca6426401]: IDLE"}}
[debug] [2022-09-27T13:42:57.244Z] [work-queue] {"queueLength":0,"workRunningCount":0}
[info] i  functions: Finished "api" in 14.3999ms {"metadata":{"emulator":{"name":"functions"},"function":{"name":"us-central1-api"},"extension":{},"message":"Finished \"api\" in 14.3999ms"}}
[debug] [2022-09-27T13:42:57.531Z] Functions emulator received unknown request at path /favicon.ico
[debug] [2022-09-27T13:43:54.732Z] File C:\Users\printer hub\OneDrive\Desktop\React Projects\amazon-clone\functions\index.js changed, reloading triggers {"metadata":{"emulator":{"name":"functions"},"message":"File C:\\Users\\printer hub\\OneDrive\\Desktop\\React Projects\\amazon-clone\\functions\\index.js changed, reloading triggers"}}
[debug] [2022-09-27T13:43:55.738Z] Validating nodejs source
[debug] [2022-09-27T13:44:02.644Z] > [functions] package.json contents: {
  "name": "functions",
  "description": "Cloud Functions for Firebase",
  "scripts": {
    "lint": "eslint .",
    "serve": "firebase emulators:start --only functions",
    "shell": "firebase functions:shell",
    "start": "npm run shell",
    "deploy": "firebase deploy --only functions",
    "logs": "firebase functions:log"
  },
  "engines": {
    "node": "16"
  },
  "main": "index.js",
  "dependencies": {
    "cors": "^2.8.5",
    "express": "^4.18.1",
    "firebase-admin": "^10.0.2",
    "firebase-functions": "^3.18.0",
    "stripe": "^10.12.0-beta.1"
  },
  "devDependencies": {
    "eslint": "^8.9.0",
    "eslint-config-google": "^0.14.0",
    "firebase-functions-test": "^0.2.0"
  },
  "private": true
}
[debug] [2022-09-27T13:44:02.644Z] Building nodejs source
[debug] [2022-09-27T13:44:02.645Z] Analyzing nodejs backend spec
[debug] [2022-09-27T13:44:02.646Z] Could not find functions.yaml. Must use http discovery
[debug] [2022-09-27T13:44:03.285Z] Serving at port 9006

[debug] [2022-09-27T13:44:03.663Z] Got response from /__/functions.yaml {"endpoints":{"api":{"platform":"gcfv1","httpsTrigger":{},"entryPoint":"api"}},"specVersion":"v1alpha1","requiredAPIs":[]}
[debug] [2022-09-27T13:44:03.676Z] shutdown requested via /__/quitquitquit

[info] +  functions: Loaded functions definitions from source: api. {"metadata":{"emulator":{"name":"functions"},"message":"Loaded functions definitions from source: api."}}
[debug] [2022-09-27T13:44:03.707Z] [worker-pool] Shutting down IDLE worker (us-central1-api) {"metadata":{"emulator":{"name":"functions"},"message":"[worker-pool] Shutting down IDLE worker (us-central1-api)"}}
[debug] [2022-09-27T13:44:03.707Z] [worker-us-central1-api-2be35348-17ab-48bc-800f-d34ca6426401]: FINISHING {"metadata":{"emulator":{"name":"functions"},"message":"[worker-us-central1-api-2be35348-17ab-48bc-800f-d34ca6426401]: FINISHING"}}
[debug] [2022-09-27T13:44:03.728Z] [worker-us-central1-api-2be35348-17ab-48bc-800f-d34ca6426401]: exited {"metadata":{"emulator":{"name":"functions"},"message":"[worker-us-central1-api-2be35348-17ab-48bc-800f-d34ca6426401]: exited"}}
[debug] [2022-09-27T13:44:03.729Z] [worker-us-central1-api-2be35348-17ab-48bc-800f-d34ca6426401]: FINISHED {"metadata":{"emulator":{"name":"functions"},"message":"[worker-us-central1-api-2be35348-17ab-48bc-800f-d34ca6426401]: FINISHED"}}
[debug] [2022-09-27T13:46:53.707Z] File C:\Users\printer hub\OneDrive\Desktop\React Projects\amazon-clone\functions\index.js changed, reloading triggers {"metadata":{"emulator":{"name":"functions"},"message":"File C:\\Users\\printer hub\\OneDrive\\Desktop\\React Projects\\amazon-clone\\functions\\index.js changed, reloading triggers"}}
[debug] [2022-09-27T13:46:54.712Z] Validating nodejs source
[debug] [2022-09-27T13:47:01.545Z] > [functions] package.json contents: {
  "name": "functions",
  "description": "Cloud Functions for Firebase",
  "scripts": {
    "lint": "eslint .",
    "serve": "firebase emulators:start --only functions",
    "shell": "firebase functions:shell",
    "start": "npm run shell",
    "deploy": "firebase deploy --only functions",
    "logs": "firebase functions:log"
  },
  "engines": {
    "node": "16"
  },
  "main": "index.js",
  "dependencies": {
    "cors": "^2.8.5",
    "express": "^4.18.1",
    "firebase-admin": "^10.0.2",
    "firebase-functions": "^3.18.0",
    "stripe": "^10.12.0-beta.1"
  },
  "devDependencies": {
    "eslint": "^8.9.0",
    "eslint-config-google": "^0.14.0",
    "firebase-functions-test": "^0.2.0"
  },
  "private": true
}
[debug] [2022-09-27T13:47:01.546Z] Building nodejs source
[debug] [2022-09-27T13:47:01.546Z] Analyzing nodejs backend spec
[debug] [2022-09-27T13:47:01.549Z] Could not find functions.yaml. Must use http discovery
[debug] [2022-09-27T13:47:02.227Z] Serving at port 9006

[debug] [2022-09-27T13:47:02.575Z] Got response from /__/functions.yaml {"endpoints":{"api":{"platform":"gcfv1","httpsTrigger":{},"entryPoint":"api"}},"specVersion":"v1alpha1","requiredAPIs":[]}
[debug] [2022-09-27T13:47:02.595Z] shutdown requested via /__/quitquitquit

[info] +  functions: Loaded functions definitions from source: api. {"metadata":{"emulator":{"name":"functions"},"message":"Loaded functions definitions from source: api."}}
[debug] [2022-09-27T13:47:23.386Z] File C:\Users\printer hub\OneDrive\Desktop\React Projects\amazon-clone\functions\index.js changed, reloading triggers {"metadata":{"emulator":{"name":"functions"},"message":"File C:\\Users\\printer hub\\OneDrive\\Desktop\\React Projects\\amazon-clone\\functions\\index.js changed, reloading triggers"}}
[debug] [2022-09-27T13:47:24.391Z] Validating nodejs source
[debug] [2022-09-27T13:47:31.261Z] > [functions] package.json contents: {
  "name": "functions",
  "description": "Cloud Functions for Firebase",
  "scripts": {
    "lint": "eslint .",
    "serve": "firebase emulators:start --only functions",
    "shell": "firebase functions:shell",
    "start": "npm run shell",
    "deploy": "firebase deploy --only functions",
    "logs": "firebase functions:log"
  },
  "engines": {
    "node": "16"
  },
  "main": "index.js",
  "dependencies": {
    "cors": "^2.8.5",
    "express": "^4.18.1",
    "firebase-admin": "^10.0.2",
    "firebase-functions": "^3.18.0",
    "stripe": "^10.12.0-beta.1"
  },
  "devDependencies": {
    "eslint": "^8.9.0",
    "eslint-config-google": "^0.14.0",
    "firebase-functions-test": "^0.2.0"
  },
  "private": true
}
[debug] [2022-09-27T13:47:31.262Z] Building nodejs source
[debug] [2022-09-27T13:47:31.262Z] Analyzing nodejs backend spec
[debug] [2022-09-27T13:47:31.264Z] Could not find functions.yaml. Must use http discovery
[debug] [2022-09-27T13:47:31.987Z] Serving at port 9006

[debug] [2022-09-27T13:47:32.530Z] Got response from /__/functions.yaml {"endpoints":{"api":{"platform":"gcfv1","httpsTrigger":{},"entryPoint":"api"}},"specVersion":"v1alpha1","requiredAPIs":[]}
[debug] [2022-09-27T13:47:32.542Z] shutdown requested via /__/quitquitquit

[info] +  functions: Loaded functions definitions from source: api. {"metadata":{"emulator":{"name":"functions"},"message":"Loaded functions definitions from source: api."}}
[debug] [2022-09-27T13:48:57.057Z] File C:\Users\printer hub\OneDrive\Desktop\React Projects\amazon-clone\functions\index.js changed, reloading triggers {"metadata":{"emulator":{"name":"functions"},"message":"File C:\\Users\\printer hub\\OneDrive\\Desktop\\React Projects\\amazon-clone\\functions\\index.js changed, reloading triggers"}}
[debug] [2022-09-27T13:48:58.071Z] Validating nodejs source
[debug] [2022-09-27T13:49:06.202Z] > [functions] package.json contents: {
  "name": "functions",
  "description": "Cloud Functions for Firebase",
  "scripts": {
    "lint": "eslint .",
    "serve": "firebase emulators:start --only functions",
    "shell": "firebase functions:shell",
    "start": "npm run shell",
    "deploy": "firebase deploy --only functions",
    "logs": "firebase functions:log"
  },
  "engines": {
    "node": "16"
  },
  "main": "index.js",
  "dependencies": {
    "cors": "^2.8.5",
    "express": "^4.18.1",
    "firebase-admin": "^10.0.2",
    "firebase-functions": "^3.18.0",
    "stripe": "^10.12.0-beta.1"
  },
  "devDependencies": {
    "eslint": "^8.9.0",
    "eslint-config-google": "^0.14.0",
    "firebase-functions-test": "^0.2.0"
  },
  "private": true
}
[debug] [2022-09-27T13:49:06.203Z] Building nodejs source
[debug] [2022-09-27T13:49:06.203Z] Analyzing nodejs backend spec
[debug] [2022-09-27T13:49:06.204Z] Could not find functions.yaml. Must use http discovery
[debug] [2022-09-27T13:49:07.030Z] Serving at port 9006

[debug] [2022-09-27T13:49:07.461Z] Got response from /__/functions.yaml {"endpoints":{"api":{"platform":"gcfv1","httpsTrigger":{},"entryPoint":"api"}},"specVersion":"v1alpha1","requiredAPIs":[]}
[debug] [2022-09-27T13:49:07.476Z] shutdown requested via /__/quitquitquit

[info] +  functions: Loaded functions definitions from source: api. {"metadata":{"emulator":{"name":"functions"},"message":"Loaded functions definitions from source: api."}}
[debug] [2022-09-27T13:50:05.397Z] File C:\Users\printer hub\OneDrive\Desktop\React Projects\amazon-clone\functions\index.js changed, reloading triggers {"metadata":{"emulator":{"name":"functions"},"message":"File C:\\Users\\printer hub\\OneDrive\\Desktop\\React Projects\\amazon-clone\\functions\\index.js changed, reloading triggers"}}
[debug] [2022-09-27T13:50:06.408Z] Validating nodejs source
[debug] [2022-09-27T13:50:15.280Z] > [functions] package.json contents: {
  "name": "functions",
  "description": "Cloud Functions for Firebase",
  "scripts": {
    "lint": "eslint .",
    "serve": "firebase emulators:start --only functions",
    "shell": "firebase functions:shell",
    "start": "npm run shell",
    "deploy": "firebase deploy --only functions",
    "logs": "firebase functions:log"
  },
  "engines": {
    "node": "16"
  },
  "main": "index.js",
  "dependencies": {
    "cors": "^2.8.5",
    "express": "^4.18.1",
    "firebase-admin": "^10.0.2",
    "firebase-functions": "^3.18.0",
    "stripe": "^10.12.0-beta.1"
  },
  "devDependencies": {
    "eslint": "^8.9.0",
    "eslint-config-google": "^0.14.0",
    "firebase-functions-test": "^0.2.0"
  },
  "private": true
}
[debug] [2022-09-27T13:50:15.280Z] Building nodejs source
[debug] [2022-09-27T13:50:15.280Z] Analyzing nodejs backend spec
[debug] [2022-09-27T13:50:15.283Z] Could not find functions.yaml. Must use http discovery
[debug] [2022-09-27T13:50:16.037Z] Serving at port 9006

[debug] [2022-09-27T13:50:16.462Z] Got response from /__/functions.yaml {"endpoints":{"api":{"platform":"gcfv1","httpsTrigger":{},"entryPoint":"api"}},"specVersion":"v1alpha1","requiredAPIs":[]}
[debug] [2022-09-27T13:50:16.477Z] shutdown requested via /__/quitquitquit

[info] +  functions: Loaded functions definitions from source: api. {"metadata":{"emulator":{"name":"functions"},"message":"Loaded functions definitions from source: api."}}
